<?xml version="1.0" encoding="UTF-8"?>
<!-- Generated by org.testng.reporters.JUnitReportReporter -->
<testsuite hostname="DESKTOP-T6JCMIT" failures="0" tests="2" name="mavenpractice.Mavenjava.SeleniumTest" time="0.001" errors="0" timestamp="2021-09-29T21:16:35 BST" skipped="0">
  <testcase classname="mavenpractice.Mavenjava.SeleniumTest" name="BrowserAutomation" time="0.000"/>
  <system-out/>
  <testcase classname="mavenpractice.Mavenjava.SeleniumTest" name="Elements" time="0.001"/>
  <system-out/>
</testsuite> <!-- mavenpractice.Mavenjava.SeleniumTest -->
