<?xml version="1.0" encoding="UTF-8"?>
<!-- Generated by org.testng.reporters.JUnitReportReporter -->
<testsuite hostname="DESKTOP-T6JCMIT" failures="0" tests="2" name="mavenpractice.Mavenjava.RESTapiTest" time="0.007" errors="0" timestamp="2021-09-29T21:16:35 BST" skipped="0">
  <testcase classname="mavenpractice.Mavenjava.RESTapiTest" name="nativeAppAndroid" time="0.000"/>
  <system-out/>
  <testcase classname="mavenpractice.Mavenjava.RESTapiTest" name="iosapp" time="0.007"/>
  <system-out/>
</testsuite> <!-- mavenpractice.Mavenjava.RESTapiTest -->
